This file contains any messages produced by compilers while
running configure, to aid debugging if configure makes a mistake.

It was created by opcodes_dumper configure 1.0.0, which was
generated by GNU Autoconf 2.59.  Invocation command line was

  $ ./configure 

## --------- ##
## Platform. ##
## --------- ##

hostname = localhost.localdomain
uname -m = x86_64
uname -r = 3.10.0-327.el7.x86_64
uname -s = Linux
uname -v = #1 SMP Thu Nov 19 22:10:57 UTC 2015

/usr/bin/uname -p = x86_64
/bin/uname -X     = unknown

/bin/arch              = x86_64
/usr/bin/arch -k       = unknown
/usr/convex/getsysinfo = unknown
hostinfo               = unknown
/bin/machine           = unknown
/usr/bin/oslevel       = unknown
/bin/universe          = unknown

PATH: /usr/local/bin
PATH: /usr/bin
PATH: /home/keything/bin
PATH: /usr/local/sbin
PATH: /usr/sbin


## ----------- ##
## Core tests. ##
## ----------- ##

configure:1325: checking for a BSD-compatible install
configure:1380: result: /usr/bin/install -c
configure:1391: checking whether build environment is sane
configure:1434: result: yes
configure:1499: checking for gawk
configure:1515: found /usr/bin/gawk
configure:1525: result: gawk
configure:1535: checking whether make sets $(MAKE)
configure:1555: result: yes
configure:1781: checking for g++
configure:1797: found /usr/bin/g++
configure:1807: result: g++
configure:1823: checking for C++ compiler version
configure:1826: g++ --version </dev/null >&5
g++ (GCC) 4.8.5 20150623 (Red Hat 4.8.5-4)
Copyright (C) 2015 Free Software Foundation, Inc.
This is free software; see the source for copying conditions.  There is NO
warranty; not even for MERCHANTABILITY or FITNESS FOR A PARTICULAR PURPOSE.

configure:1829: $? = 0
configure:1831: g++ -v </dev/null >&5
Using built-in specs.
COLLECT_GCC=g++
COLLECT_LTO_WRAPPER=/usr/libexec/gcc/x86_64-redhat-linux/4.8.5/lto-wrapper
Target: x86_64-redhat-linux
Configured with: ../configure --prefix=/usr --mandir=/usr/share/man --infodir=/usr/share/info --with-bugurl=http://bugzilla.redhat.com/bugzilla --enable-bootstrap --enable-shared --enable-threads=posix --enable-checking=release --with-system-zlib --enable-__cxa_atexit --disable-libunwind-exceptions --enable-gnu-unique-object --enable-linker-build-id --with-linker-hash-style=gnu --enable-languages=c,c++,objc,obj-c++,java,fortran,ada,go,lto --enable-plugin --enable-initfini-array --disable-libgcj --with-isl=/builddir/build/BUILD/gcc-4.8.5-20150702/obj-x86_64-redhat-linux/isl-install --with-cloog=/builddir/build/BUILD/gcc-4.8.5-20150702/obj-x86_64-redhat-linux/cloog-install --enable-gnu-indirect-function --with-tune=generic --with-arch_32=x86-64 --build=x86_64-redhat-linux
Thread model: posix
gcc version 4.8.5 20150623 (Red Hat 4.8.5-4) (GCC) 
configure:1834: $? = 0
configure:1836: g++ -V </dev/null >&5
g++: error: unrecognized command line option '-V'
g++: fatal error: no input files
compilation terminated.
configure:1839: $? = 4
configure:1862: checking for C++ compiler default output file name
configure:1865: g++    conftest.cc  >&5
configure:1868: $? = 0
configure:1914: result: a.out
configure:1919: checking whether the C++ compiler works
configure:1925: ./a.out
configure:1928: $? = 0
configure:1945: result: yes
configure:1952: checking whether we are cross compiling
configure:1954: result: no
configure:1957: checking for suffix of executables
configure:1959: g++ -o conftest    conftest.cc  >&5
configure:1962: $? = 0
configure:1987: result: 
configure:1993: checking for suffix of object files
configure:2014: g++ -c   conftest.cc >&5
configure:2017: $? = 0
configure:2039: result: o
configure:2043: checking whether we are using the GNU C++ compiler
configure:2067: g++ -c   conftest.cc >&5
configure:2073: $? = 0
configure:2077: test -z 
			 || test ! -s conftest.err
configure:2080: $? = 0
configure:2083: test -s conftest.o
configure:2086: $? = 0
configure:2099: result: yes
configure:2105: checking whether g++ accepts -g
configure:2126: g++ -c -g  conftest.cc >&5
configure:2132: $? = 0
configure:2136: test -z 
			 || test ! -s conftest.err
configure:2139: $? = 0
configure:2142: test -s conftest.o
configure:2145: $? = 0
configure:2156: result: yes
configure:2198: g++ -c -g -O2  conftest.cc >&5
configure:2204: $? = 0
configure:2208: test -z 
			 || test ! -s conftest.err
configure:2211: $? = 0
configure:2214: test -s conftest.o
configure:2217: $? = 0
configure:2243: g++ -c -g -O2  conftest.cc >&5
conftest.cc: In function 'int main()':
conftest.cc:15:9: error: 'exit' was not declared in this scope
 exit (42);
         ^
configure:2249: $? = 1
configure: failed program was:
| /* confdefs.h.  */
| 
| #define PACKAGE_NAME "opcodes_dumper"
| #define PACKAGE_TARNAME "opcodes_dumper"
| #define PACKAGE_VERSION "1.0.0"
| #define PACKAGE_STRING "opcodes_dumper 1.0.0"
| #define PACKAGE_BUGREPORT "http://projects.laruence.com"
| #define PACKAGE "opcodes_dumper"
| #define VERSION "1.0.0"
| /* end confdefs.h.  */
| 
| int
| main ()
| {
| exit (42);
|   ;
|   return 0;
| }
configure:2198: g++ -c -g -O2  conftest.cc >&5
conftest.cc:11:40: error: 'void std::exit(int)' should have been declared inside 'std'
 extern "C" void std::exit (int) throw (); using std::exit;
                                        ^
configure:2204: $? = 1
configure: failed program was:
| /* confdefs.h.  */
| 
| #define PACKAGE_NAME "opcodes_dumper"
| #define PACKAGE_TARNAME "opcodes_dumper"
| #define PACKAGE_VERSION "1.0.0"
| #define PACKAGE_STRING "opcodes_dumper 1.0.0"
| #define PACKAGE_BUGREPORT "http://projects.laruence.com"
| #define PACKAGE "opcodes_dumper"
| #define VERSION "1.0.0"
| /* end confdefs.h.  */
| extern "C" void std::exit (int) throw (); using std::exit;
| #include <stdlib.h>
| int
| main ()
| {
| exit (42);
|   ;
|   return 0;
| }
configure:2198: g++ -c -g -O2  conftest.cc >&5
conftest.cc:11:31: error: 'void std::exit(int)' should have been declared inside 'std'
 extern "C" void std::exit (int); using std::exit;
                               ^
In file included from conftest.cc:12:0:
/usr/include/stdlib.h:542:70: error: declaration of 'void std::exit(int) throw ()' has a different exception specifier
 extern void exit (int __status) __THROW __attribute__ ((__noreturn__));
                                                                      ^
conftest.cc:11:17: error: from previous declaration 'void std::exit(int)'
 extern "C" void std::exit (int); using std::exit;
                 ^
configure:2204: $? = 1
configure: failed program was:
| /* confdefs.h.  */
| 
| #define PACKAGE_NAME "opcodes_dumper"
| #define PACKAGE_TARNAME "opcodes_dumper"
| #define PACKAGE_VERSION "1.0.0"
| #define PACKAGE_STRING "opcodes_dumper 1.0.0"
| #define PACKAGE_BUGREPORT "http://projects.laruence.com"
| #define PACKAGE "opcodes_dumper"
| #define VERSION "1.0.0"
| /* end confdefs.h.  */
| extern "C" void std::exit (int); using std::exit;
| #include <stdlib.h>
| int
| main ()
| {
| exit (42);
|   ;
|   return 0;
| }
configure:2198: g++ -c -g -O2  conftest.cc >&5
configure:2204: $? = 0
configure:2208: test -z 
			 || test ! -s conftest.err
configure:2211: $? = 0
configure:2214: test -s conftest.o
configure:2217: $? = 0
configure:2243: g++ -c -g -O2  conftest.cc >&5
configure:2249: $? = 0
configure:2253: test -z 
			 || test ! -s conftest.err
configure:2256: $? = 0
configure:2259: test -s conftest.o
configure:2262: $? = 0
configure:2296: checking for style of include used by make
configure:2324: result: GNU
configure:2352: checking dependency style of g++
configure:2442: result: gcc3
configure:2460: checking for php-config
configure:2491: checking for php5 library
configure:2539: checking for gcc
configure:2555: found /usr/bin/gcc
configure:2565: result: gcc
configure:2809: checking for C compiler version
configure:2812: gcc --version </dev/null >&5
gcc (GCC) 4.8.5 20150623 (Red Hat 4.8.5-4)
Copyright (C) 2015 Free Software Foundation, Inc.
This is free software; see the source for copying conditions.  There is NO
warranty; not even for MERCHANTABILITY or FITNESS FOR A PARTICULAR PURPOSE.

configure:2815: $? = 0
configure:2817: gcc -v </dev/null >&5
Using built-in specs.
COLLECT_GCC=gcc
COLLECT_LTO_WRAPPER=/usr/libexec/gcc/x86_64-redhat-linux/4.8.5/lto-wrapper
Target: x86_64-redhat-linux
Configured with: ../configure --prefix=/usr --mandir=/usr/share/man --infodir=/usr/share/info --with-bugurl=http://bugzilla.redhat.com/bugzilla --enable-bootstrap --enable-shared --enable-threads=posix --enable-checking=release --with-system-zlib --enable-__cxa_atexit --disable-libunwind-exceptions --enable-gnu-unique-object --enable-linker-build-id --with-linker-hash-style=gnu --enable-languages=c,c++,objc,obj-c++,java,fortran,ada,go,lto --enable-plugin --enable-initfini-array --disable-libgcj --with-isl=/builddir/build/BUILD/gcc-4.8.5-20150702/obj-x86_64-redhat-linux/isl-install --with-cloog=/builddir/build/BUILD/gcc-4.8.5-20150702/obj-x86_64-redhat-linux/cloog-install --enable-gnu-indirect-function --with-tune=generic --with-arch_32=x86-64 --build=x86_64-redhat-linux
Thread model: posix
gcc version 4.8.5 20150623 (Red Hat 4.8.5-4) (GCC) 
configure:2820: $? = 0
configure:2822: gcc -V </dev/null >&5
gcc: error: unrecognized command line option '-V'
gcc: fatal error: no input files
compilation terminated.
configure:2825: $? = 4
configure:2828: checking whether we are using the GNU C compiler
configure:2852: gcc -c  -I/usr/local/include/php -I/usr/local/include/php/main -I/usr/local/include/php/TSRM -I/usr/local/include/php/Zend -I/usr/local/include/php/ext -I/usr/local/include/php/ext/date/lib conftest.c >&5
configure:2858: $? = 0
configure:2862: test -z 
			 || test ! -s conftest.err
configure:2865: $? = 0
configure:2868: test -s conftest.o
configure:2871: $? = 0
configure:2884: result: yes
configure:2890: checking whether gcc accepts -g
configure:2911: gcc -c -g -I/usr/local/include/php -I/usr/local/include/php/main -I/usr/local/include/php/TSRM -I/usr/local/include/php/Zend -I/usr/local/include/php/ext -I/usr/local/include/php/ext/date/lib conftest.c >&5
configure:2917: $? = 0
configure:2921: test -z 
			 || test ! -s conftest.err
configure:2924: $? = 0
configure:2927: test -s conftest.o
configure:2930: $? = 0
configure:2941: result: yes
configure:2958: checking for gcc option to accept ANSI C
configure:3028: gcc  -c -g -O2 -I/usr/local/include/php -I/usr/local/include/php/main -I/usr/local/include/php/TSRM -I/usr/local/include/php/Zend -I/usr/local/include/php/ext -I/usr/local/include/php/ext/date/lib conftest.c >&5
configure:3034: $? = 0
configure:3038: test -z 
			 || test ! -s conftest.err
configure:3041: $? = 0
configure:3044: test -s conftest.o
configure:3047: $? = 0
configure:3065: result: none needed
configure:3083: gcc -c -g -O2 -I/usr/local/include/php -I/usr/local/include/php/main -I/usr/local/include/php/TSRM -I/usr/local/include/php/Zend -I/usr/local/include/php/ext -I/usr/local/include/php/ext/date/lib conftest.c >&5
conftest.c:2:3: error: unknown type name 'choke'
   choke me
   ^
conftest.c:2:3: error: expected '=', ',', ';', 'asm' or '__attribute__' at end of input
configure:3089: $? = 1
configure: failed program was:
| #ifndef __cplusplus
|   choke me
| #endif
configure:3224: checking dependency style of gcc
configure:3314: result: gcc3
configure:3333: checking for php_var_dump in -lphp5
configure:3363: gcc -o conftest -g -O2 -I/usr/local/include/php -I/usr/local/include/php/main -I/usr/local/include/php/TSRM -I/usr/local/include/php/Zend -I/usr/local/include/php/ext -I/usr/local/include/php/ext/date/lib -L/usr/local/lib conftest.c -lphp5   >&5
configure:3369: $? = 0
configure:3373: test -z 
			 || test ! -s conftest.err
configure:3376: $? = 0
configure:3379: test -s conftest
configure:3382: $? = 0
configure:3395: result: yes
configure:3528: creating ./config.status

## ---------------------- ##
## Running config.status. ##
## ---------------------- ##

This file was extended by opcodes_dumper config.status 1.0.0, which was
generated by GNU Autoconf 2.59.  Invocation command line was

  CONFIG_FILES    = 
  CONFIG_HEADERS  = 
  CONFIG_LINKS    = 
  CONFIG_COMMANDS = 
  $ ./config.status 

on localhost.localdomain

config.status:693: creating Makefile
config.status:797: creating config.h
config.status:885: config.h is unchanged
config.status:1065: executing depfiles commands

## ---------------- ##
## Cache variables. ##
## ---------------- ##

ac_cv_c_compiler_gnu=yes
ac_cv_cxx_compiler_gnu=yes
ac_cv_env_CC_set=
ac_cv_env_CC_value=
ac_cv_env_CFLAGS_set=
ac_cv_env_CFLAGS_value=
ac_cv_env_CPPFLAGS_set=
ac_cv_env_CPPFLAGS_value=
ac_cv_env_CXXFLAGS_set=
ac_cv_env_CXXFLAGS_value=
ac_cv_env_CXX_set=
ac_cv_env_CXX_value=
ac_cv_env_LDFLAGS_set=
ac_cv_env_LDFLAGS_value=
ac_cv_env_build_alias_set=
ac_cv_env_build_alias_value=
ac_cv_env_host_alias_set=
ac_cv_env_host_alias_value=
ac_cv_env_target_alias_set=
ac_cv_env_target_alias_value=
ac_cv_exeext=
ac_cv_lib_php5_php_var_dump=yes
ac_cv_objext=o
ac_cv_path_install='/usr/bin/install -c'
ac_cv_prog_AWK=gawk
ac_cv_prog_ac_ct_CC=gcc
ac_cv_prog_ac_ct_CXX=g++
ac_cv_prog_cc_g=yes
ac_cv_prog_cc_stdc=
ac_cv_prog_cxx_g=yes
ac_cv_prog_make_make_set=yes
am_cv_CC_dependencies_compiler_type=gcc3
am_cv_CXX_dependencies_compiler_type=gcc3

## ----------------- ##
## Output variables. ##
## ----------------- ##

ACLOCAL='${SHELL} /home/keything/opcodes_dumper-1.0.0/missing --run aclocal-1.9'
AMDEPBACKSLASH='\'
AMDEP_FALSE='#'
AMDEP_TRUE=''
AMTAR='${SHELL} /home/keything/opcodes_dumper-1.0.0/missing --run tar'
AUTOCONF='${SHELL} /home/keything/opcodes_dumper-1.0.0/missing --run autoconf'
AUTOHEADER='${SHELL} /home/keything/opcodes_dumper-1.0.0/missing --run autoheader'
AUTOMAKE='${SHELL} /home/keything/opcodes_dumper-1.0.0/missing --run automake-1.9'
AWK='gawk'
CC='gcc'
CCDEPMODE='depmode=gcc3'
CFLAGS='-g -O2'
CPPFLAGS='-I/usr/local/include/php -I/usr/local/include/php/main -I/usr/local/include/php/TSRM -I/usr/local/include/php/Zend -I/usr/local/include/php/ext -I/usr/local/include/php/ext/date/lib'
CXX='g++'
CXXDEPMODE='depmode=gcc3'
CXXFLAGS='-g -O2'
CYGPATH_W='echo'
DEFS='-DHAVE_CONFIG_H'
DEPDIR='.deps'
ECHO_C=''
ECHO_N='-n'
ECHO_T=''
EXEEXT=''
INSTALL_DATA='${INSTALL} -m 644'
INSTALL_PROGRAM='${INSTALL}'
INSTALL_SCRIPT='${INSTALL}'
INSTALL_STRIP_PROGRAM='${SHELL} $(install_sh) -c -s'
LDFLAGS='-L/usr/local/lib'
LIBOBJS=''
LIBS='-lphp5 '
LTLIBOBJS=''
MAKEINFO='${SHELL} /home/keything/opcodes_dumper-1.0.0/missing --run makeinfo'
OBJEXT='o'
PACKAGE='opcodes_dumper'
PACKAGE_BUGREPORT='http://projects.laruence.com'
PACKAGE_NAME='opcodes_dumper'
PACKAGE_STRING='opcodes_dumper 1.0.0'
PACKAGE_TARNAME='opcodes_dumper'
PACKAGE_VERSION='1.0.0'
PATH_SEPARATOR=':'
SET_MAKE=''
SHELL='/bin/sh'
STRIP=''
VERSION='1.0.0'
ac_ct_CC='gcc'
ac_ct_CXX='g++'
ac_ct_STRIP=''
am__fastdepCC_FALSE='#'
am__fastdepCC_TRUE=''
am__fastdepCXX_FALSE='#'
am__fastdepCXX_TRUE=''
am__include='include'
am__leading_dot='.'
am__quote=''
am__tar='${AMTAR} chof - "$$tardir"'
am__untar='${AMTAR} xf -'
bindir='${exec_prefix}/bin'
build_alias=''
datadir='${prefix}/share'
exec_prefix='${prefix}'
host_alias=''
includedir='${prefix}/include'
infodir='${prefix}/info'
install_sh='/home/keything/opcodes_dumper-1.0.0/install-sh'
libdir='${exec_prefix}/lib'
libexecdir='${exec_prefix}/libexec'
localstatedir='${prefix}/var'
mandir='${prefix}/man'
mkdir_p='mkdir -p --'
oldincludedir='/usr/include'
prefix='/usr/local'
program_transform_name='s,x,x,'
sbindir='${exec_prefix}/sbin'
sharedstatedir='${prefix}/com'
sysconfdir='${prefix}/etc'
target_alias=''

## ----------- ##
## confdefs.h. ##
## ----------- ##

#define HAVE_LIBPHP5 1
#define PACKAGE "opcodes_dumper"
#define PACKAGE_BUGREPORT "http://projects.laruence.com"
#define PACKAGE_NAME "opcodes_dumper"
#define PACKAGE_STRING "opcodes_dumper 1.0.0"
#define PACKAGE_TARNAME "opcodes_dumper"
#define PACKAGE_VERSION "1.0.0"
#define VERSION "1.0.0"
#endif
#ifdef __cplusplus
extern "C" void exit (int) throw ();

configure: exit 0
